<?xml version="1.0" encoding="UTF-8"?>
<testsuite xmlns:xsi="http://www.w3.org/2001/XMLSchema-instance" xsi:noNamespaceSchemaLocation="https://maven.apache.org/surefire/maven-surefire-plugin/xsd/surefire-test-report-3.0.xsd" version="3.0" name="runners.TestRunner" time="15.254" tests="3" errors="0" skipped="0" failures="0">
  <properties>
[...]
</properties>
  <testcase name="runScenario[&quot;Remove or Add Product&quot;, &quot;product page&quot;](1)" classname="runners.TestRunner" time="5.539">
    <system-out><![CDATA[
Scenario: Remove or Add Product                                                         # src/test/resources/Features/productPage.feature:3
  Given User is on login page for product test                                          # com.stepdefs.ProductpageStepdef.User_is_on_login_page_for_product_test()
  When User enters product username "standard_user" and product password "secret_sauce" # com.stepdefs.ProductpageStepdef.User_enters_product_username_and_product_password(java.lang.String,java.lang.String)
  Then user should land on homepage after login                                         # com.stepdefs.ProductpageStepdef.user_should_land_on_homepage_after_login()
  And user is on product page                                                           # com.stepdefs.ProductpageStepdef.user_is_on_product_page()
  When user clicks on remove CTA                                                        # com.stepdefs.ProductpageStepdef.user_clicks_on_remove_cta()
  Then product should get removed from cart                                             # com.stepdefs.ProductpageStepdef.product_should_get_removed_from_cart()
  When user clicks on add to cart CTA                                                   # com.stepdefs.ProductpageStepdef.user_clicks_on_add_to_cart_cta()
  Then product should get added to cart                                                 # com.stepdefs.ProductpageStepdef.product_should_get_added_to_cart()
]]></system-out>
    <system-err><![CDATA[SLF4J: Failed to load class "org.slf4j.impl.StaticLoggerBinder".
SLF4J: Defaulting to no-operation (NOP) logger implementation
SLF4J: See http://www.slf4j.org/codes.html#StaticLoggerBinder for further details.
Jun 23, 2025 11:04:39 PM org.openqa.selenium.devtools.CdpVersionFinder findNearestMatch
WARNING: Unable to find an exact match for CDP version 137, returning the closest version; found: 136; Please update to a Selenium version that supports CDP version 137
log4j:WARN No appenders could be found for logger (ProductpageStepdef).
log4j:WARN Please initialize the log4j system properly.
log4j:WARN See http://logging.apache.org/log4j/1.2/faq.html#noconfig for more info.
]]></system-err>
  </testcase>
  <testcase name="runScenario[&quot;Add second product to cart&quot;, &quot;product page&quot;](2)" classname="runners.TestRunner" time="3.087">
    <system-out><![CDATA[
Scenario: Add second product to cart                                                    # src/test/resources/Features/productPage.feature:13
  Given User is on login page for product test                                          # com.stepdefs.ProductpageStepdef.User_is_on_login_page_for_product_test()
  When User enters product username "standard_user" and product password "secret_sauce" # com.stepdefs.ProductpageStepdef.User_enters_product_username_and_product_password(java.lang.String,java.lang.String)
  Then user should land on homepage after login                                         # com.stepdefs.ProductpageStepdef.user_should_land_on_homepage_after_login()
  And user is on product page                                                           # com.stepdefs.ProductpageStepdef.user_is_on_product_page()
  When user clicks on addtocart CTA on second product                                   # com.stepdefs.ProductpageStepdef.user_clicks_on_addtocart_cta_on_second_product()
  Then product should get added to cart                                                 # com.stepdefs.ProductpageStepdef.product_should_get_added_to_cart()
]]></system-out>
    <system-err><![CDATA[Jun 23, 2025 11:04:43 PM org.openqa.selenium.devtools.CdpVersionFinder findNearestMatch
WARNING: Unable to find an exact match for CDP version 137, returning the closest version; found: 136; Please update to a Selenium version that supports CDP version 137
]]></system-err>
  </testcase>
  <testcase name="runScenario[&quot;Print price of product&quot;, &quot;product page&quot;](3)" classname="runners.TestRunner" time="2.829">
    <system-out><![CDATA[
Scenario: Print price of product                                                        # src/test/resources/Features/productPage.feature:21
  Given User is on login page for product test                                          # com.stepdefs.ProductpageStepdef.User_is_on_login_page_for_product_test()
  When User enters product username "standard_user" and product password "secret_sauce" # com.stepdefs.ProductpageStepdef.User_enters_product_username_and_product_password(java.lang.String,java.lang.String)
  Then user should land on homepage after login                                         # com.stepdefs.ProductpageStepdef.user_should_land_on_homepage_after_login()
  And user is on product page                                                           # com.stepdefs.ProductpageStepdef.user_is_on_product_page()
  When user navigates to SauceLabsBoltTShirt_Price                                      # com.stepdefs.ProductpageStepdef.user_navigates_to_sauce_labs_bolt_t_shirt_price()
  Then price should get displayed                                                       # com.stepdefs.ProductpageStepdef.price_should_get_displayed()
]]></system-out>
    <system-err><![CDATA[Jun 23, 2025 11:04:46 PM org.openqa.selenium.devtools.CdpVersionFinder findNearestMatch
WARNING: Unable to find an exact match for CDP version 137, returning the closest version; found: 136; Please update to a Selenium version that supports CDP version 137
]]></system-err>
  </testcase>
</testsuite>