<?xml version="1.0" encoding="UTF-8"?>
<testng-results ignored="0" total="3" passed="3" failed="0" skipped="0">
  <reporter-output>
  </reporter-output>
  <suite started-at="2025-06-23T22:48:42 IST" name="Default suite" finished-at="2025-06-23T22:49:30 IST" duration-ms="48114">
    <groups>
      <group name="cucumber">
        <method signature="AbstractTestNGCucumberTests.runScenario(io.cucumber.testng.PickleWrapper,io.cucumber.testng.FeatureWrapper)[pri:0, instance:runners.TestRunner@7a69b07]" name="runScenario" class="io.cucumber.testng.AbstractTestNGCucumberTests"/>
      </group> <!-- cucumber -->
    </groups>
    <test started-at="2025-06-23T22:48:42 IST" name="Default test" finished-at="2025-06-23T22:49:30 IST" duration-ms="48114">
      <class name="runners.TestRunner">
        <test-method is-config="true" signature="setUpClass(org.testng.ITestContext)[pri:0, instance:runners.TestRunner@7a69b07]" started-at="2025-06-23T22:48:42 IST" name="setUpClass" finished-at="2025-06-23T22:48:42 IST" duration-ms="214" status="PASS">
          <params>
            <param index="0">
              <value>
                <![CDATA[org.testng.TestRunner@46039a21]]>
              </value>
            </param>
          </params>
          <reporter-output>
          </reporter-output>
        </test-method> <!-- setUpClass -->
        <test-method signature="runScenario(io.cucumber.testng.PickleWrapper,io.cucumber.testng.FeatureWrapper)[pri:0, instance:runners.TestRunner@7a69b07]" started-at="2025-06-23T22:48:42 IST" name="runScenario" description="Runs Cucumber Scenarios" data-provider="scenarios" finished-at="2025-06-23T22:48:59 IST" duration-ms="17022" status="PASS">
          <params>
            <param index="0">
              <value>
                <![CDATA["Remove or Add Product"]]>
              </value>
            </param>
            <param index="1">
              <value>
                <![CDATA["product page"]]>
              </value>
            </param>
          </params>
          <reporter-output>
          </reporter-output>
        </test-method> <!-- runScenario -->
        <test-method signature="runScenario(io.cucumber.testng.PickleWrapper,io.cucumber.testng.FeatureWrapper)[pri:0, instance:runners.TestRunner@7a69b07]" started-at="2025-06-23T22:48:59 IST" name="runScenario" description="Runs Cucumber Scenarios" data-provider="scenarios" finished-at="2025-06-23T22:49:14 IST" duration-ms="14663" status="PASS">
          <params>
            <param index="0">
              <value>
                <![CDATA["Add second product to cart"]]>
              </value>
            </param>
            <param index="1">
              <value>
                <![CDATA["product page"]]>
              </value>
            </param>
          </params>
          <reporter-output>
          </reporter-output>
        </test-method> <!-- runScenario -->
        <test-method signature="runScenario(io.cucumber.testng.PickleWrapper,io.cucumber.testng.FeatureWrapper)[pri:0, instance:runners.TestRunner@7a69b07]" started-at="2025-06-23T22:49:14 IST" name="runScenario" description="Runs Cucumber Scenarios" data-provider="scenarios" finished-at="2025-06-23T22:49:27 IST" duration-ms="13608" status="PASS">
          <params>
            <param index="0">
              <value>
                <![CDATA["Print price of product"]]>
              </value>
            </param>
            <param index="1">
              <value>
                <![CDATA["product page"]]>
              </value>
            </param>
          </params>
          <reporter-output>
          </reporter-output>
        </test-method> <!-- runScenario -->
        <test-method is-config="true" signature="tearDownClass()[pri:0, instance:runners.TestRunner@7a69b07]" started-at="2025-06-23T22:49:27 IST" name="tearDownClass" finished-at="2025-06-23T22:49:30 IST" duration-ms="2591" status="PASS">
          <reporter-output>
          </reporter-output>
        </test-method> <!-- tearDownClass -->
      </class> <!-- runners.TestRunner -->
    </test> <!-- Default test -->
  </suite> <!-- Default suite -->
</testng-results>
